
> Build error occurred
Error: Turbopack build failed with 1 errors:
./src/app/globals.css
Error evaluating Node.js code
Error: Cannot find native binding. npm has a bug related to optional dependencies (https://github.com/npm/cli/issues/4828). Please try `npm i` again after removing both package-lock.json and node_modules directory.
    [at Object.<anonymous> (C:\Proyectos\Metria\metria-metrics\Frontend\node_modules\.pnpm\@tailwindcss+oxide@4.2.1\node_modules\@tailwindcss\oxide\index.js:559:11)]
    [at Module._compile (node:internal/modules/cjs/loader:1812:14)]
    [at Object..js (node:internal/modules/cjs/loader:1943:10)]
    [at Module.load (node:internal/modules/cjs/loader:1533:32)]
    [at Module._load (node:internal/modules/cjs/loader:1335:12)]
    [at wrapModuleLoad (node:internal/modules/cjs/loader:255:19)]
    [at Module.require (node:internal/modules/cjs/loader:1556:12)]
    [at require (node:internal/modules/helpers:152:16)]
    [at Object.<anonymous> (C:\Proyectos\Metria\metria-metrics\Frontend\node_modules\.pnpm\@tailwindcss+postcss@4.2.1\node_modules\@tailwindcss\postcss\dist\index.js:1:1406)]
    [at Module._compile (node:internal/modules/cjs/loader:1812:14)]
Caused by: Error: error: 4551\\?\C:\Proyectos\Metria\metria-metrics\Frontend\node_modules\.pnpm\@tailwindcss+oxide-win32-x64-msvc@4.2.1\node_modules\@tailwindcss\oxide-win32-x64-msvc\tailwindcss-oxide.win32-x64-msvc.node
    [at Object..node (node:internal/modules/cjs/loader:1970:18)]
    [at Module.load (node:internal/modules/cjs/loader:1533:32)]
    [at Module._load (node:internal/modules/cjs/loader:1335:12)]
    [at wrapModuleLoad (node:internal/modules/cjs/loader:255:19)]
    [at Module.require (node:internal/modules/cjs/loader:1556:12)]
    [at require (node:internal/modules/helpers:152:16)]
    [at requireNative (C:\Proyectos\Metria\metria-metrics\Frontend\node_modules\.pnpm\@tailwindcss+oxide@4.2.1\node_modules\@tailwindcss\oxide\index.js:131:25)]
    [at Object.<anonymous> (C:\Proyectos\Metria\metria-metrics\Frontend\node_modules\.pnpm\@tailwindcss+oxide@4.2.1\node_modules\@tailwindcss\oxide\index.js:526:17)]
    [at Module._compile (node:internal/modules/cjs/loader:1812:14)]
    [at Object..js (node:internal/modules/cjs/loader:1943:10)]
Caused by: Error: Cannot find module './tailwindcss-oxide.win32-x64-msvc.node'
Require stack:
- C:\Proyectos\Metria\metria-metrics\Frontend\node_modules\.pnpm\@tailwindcss+oxide@4.2.1\node_modules\@tailwindcss\oxide\index.js
- C:\Proyectos\Metria\metria-metrics\Frontend\node_modules\.pnpm\@tailwindcss+postcss@4.2.1\node_modules\@tailwindcss\postcss\dist\index.js
- C:\Proyectos\Metria\metria-metrics\Frontend\.next\build\chunks\[root-of-the-server]__51225daf._.js
- C:\Proyectos\Metria\metria-metrics\Frontend\.next\build\chunks\[turbopack]_runtime.js
- C:\Proyectos\Metria\metria-metrics\Frontend\.next\build\postcss.js
    [at Module._resolveFilename (node:internal/modules/cjs/loader:1456:15)]
    [at defaultResolveImpl (node:internal/modules/cjs/loader:1066:19)]
    [at resolveForCJSWithHooks (node:internal/modules/cjs/loader:1071:22)]
    [at Module._load (node:internal/modules/cjs/loader:1242:25)]
    [at wrapModuleLoad (node:internal/modules/cjs/loader:255:19)]
    [at Module.require (node:internal/modules/cjs/loader:1556:12)]
    [at require (node:internal/modules/helpers:152:16)]
    [at requireNative (C:\Proyectos\Metria\metria-metrics\Frontend\node_modules\.pnpm\@tailwindcss+oxide@4.2.1\node_modules\@tailwindcss\oxide\index.js:126:16)]
    [at Object.<anonymous> (C:\Proyectos\Metria\metria-metrics\Frontend\node_modules\.pnpm\@tailwindcss+oxide@4.2.1\node_modules\@tailwindcss\oxide\index.js:526:17)]
    [at Module._compile (node:internal/modules/cjs/loader:1812:14)]

Import trace:
  Client Component Browser:
    ./src/app/globals.css [Client Component Browser]
    ./src/app/layout.tsx [Server Component]


    at ignore-listed frames


▲ Next.js 16.1.6 (Turbopack)

  Creating an optimized production build ...
