
> frontend@0.1.0 build C:\Proyectos\Metria\metria-metrics\Frontend
> next build

Ôû▓ Next.js 16.1.6 (Turbopack)

node.exe : 
En C:\Users\usuario\Ap
pData\Roaming\npm\pnpm
.ps1: 24 Carácter: 5
+     & "node$exe"  "$
basedir/node_modules/p
npm/bin/pnpm.cjs" 
$args
+     ~~~~~~~~~~~~~~~~
~~~~~~~~~~~~~~~~~~~~~~
~~~~~~~~~~~~~~~~~~~~~~
~
    + CategoryInfo    
          : NotSpeci  
  fied: (:String) [   
 ], RemoteExceptio    
n
    + FullyQualifiedE 
   rrorId : NativeCo  
  mmandError
 
> Build error occurred
Error: Both 
middleware file "./src
\src\middleware.ts" 
and proxy file 
"./src\src\proxy.ts" 
are detected. Please 
use 
"./src\src\proxy.ts" 
only. Learn more: http
s://nextjs.org/docs/me
ssages/middleware-to-p
roxy
    at ignore-listed 
frames
ÔÇëELIFECYCLEÔÇë Command failed with exit code 1.
